Log opened at 2018-04-15 16:48:19
I: Connecting to configured address/port: 192.168.3.4:19000.
I: Connected to client. :-)
-> <init xmlns="urn:debugger_protocol_v1" xmlns:xdebug="http://xdebug.org/dbgp/xdebug" fileuri="file:///app/workspace/index.php" language="PHP" xdebug:language_version="7.1.12" protocol_version="1.0" appid="6" idekey="PHPSTORM"><engine version="2.6.0"><![CDATA[Xdebug]]></engine><author><![CDATA[Derick Rethans]]></author><url><![CDATA[http://xdebug.org]]></url><copyright><![CDATA[Copyright (c) 2002-2018 by Derick Rethans]]></copyright></init>

<- feature_set -i 1 -n show_hidden -v 1
-> <response xmlns="urn:debugger_protocol_v1" xmlns:xdebug="http://xdebug.org/dbgp/xdebug" command="feature_set" transaction_id="1" feature="show_hidden" success="1"></response>

<- feature_set -i 2 -n max_depth -v 1
-> <response xmlns="urn:debugger_protocol_v1" xmlns:xdebug="http://xdebug.org/dbgp/xdebug" command="feature_set" transaction_id="2" feature="max_depth" success="1"></response>

<- feature_set -i 3 -n max_children -v 100
-> <response xmlns="urn:debugger_protocol_v1" xmlns:xdebug="http://xdebug.org/dbgp/xdebug" command="feature_set" transaction_id="3" feature="max_children" success="1"></response>

<- feature_set -i 4 -n extended_properties -v 1
-> <response xmlns="urn:debugger_protocol_v1" xmlns:xdebug="http://xdebug.org/dbgp/xdebug" command="feature_set" transaction_id="4" feature="extended_properties" success="1"></response>

<- feature_set -i 5 -n notify_ok -v 1
-> <response xmlns="urn:debugger_protocol_v1" xmlns:xdebug="http://xdebug.org/dbgp/xdebug" command="feature_set" transaction_id="5" feature="notify_ok" success="1"></response>

<- stdout -i 6 -c 1
-> <response xmlns="urn:debugger_protocol_v1" xmlns:xdebug="http://xdebug.org/dbgp/xdebug" command="stdout" transaction_id="6" success="1"></response>

<- status -i 7
-> <response xmlns="urn:debugger_protocol_v1" xmlns:xdebug="http://xdebug.org/dbgp/xdebug" command="status" transaction_id="7" status="starting" reason="ok"></response>

<- step_into -i 8
-> <response xmlns="urn:debugger_protocol_v1" xmlns:xdebug="http://xdebug.org/dbgp/xdebug" command="step_into" transaction_id="8" status="break" reason="ok"><xdebug:message filename="file:///app/workspace/index.php" lineno="2"></xdebug:message></response>

<- eval -i 9 -- aXNzZXQoJF9TRVJWRVJbJ1BIUF9JREVfQ09ORklHJ10p
-> <response xmlns="urn:debugger_protocol_v1" xmlns:xdebug="http://xdebug.org/dbgp/xdebug" command="eval" transaction_id="9"><property type="bool"><![CDATA[0]]></property></response>

<- eval -i 10 -- aXNzZXQoJF9TRVJWRVJbJ1NFUlZFUl9OQU1FJ10p
-> <response xmlns="urn:debugger_protocol_v1" xmlns:xdebug="http://xdebug.org/dbgp/xdebug" command="eval" transaction_id="10"><property type="bool"><![CDATA[1]]></property></response>

<- eval -i 11 -- KHN0cmluZykoJF9TRVJWRVJbJ1NFUlZFUl9OQU1FJ10p
-> <response xmlns="urn:debugger_protocol_v1" xmlns:xdebug="http://xdebug.org/dbgp/xdebug" command="eval" transaction_id="11"><property type="string" size="6" encoding="base64"><![CDATA[d2suY29t]]></property></response>

<- eval -i 12 -- KHN0cmluZykoJF9TRVJWRVJbJ1NFUlZFUl9QT1JUJ10p
-> <response xmlns="urn:debugger_protocol_v1" xmlns:xdebug="http://xdebug.org/dbgp/xdebug" command="eval" transaction_id="12"><property type="string" size="2" encoding="base64"><![CDATA[ODA=]]></property></response>

<- eval -i 13 -- KHN0cmluZykoJF9TRVJWRVJbJ1JFUVVFU1RfVVJJJ10p
-> <response xmlns="urn:debugger_protocol_v1" xmlns:xdebug="http://xdebug.org/dbgp/xdebug" command="eval" transaction_id="13"><property type="string" size="10" encoding="base64"><![CDATA[L2luZGV4LnBocA==]]></property></response>

<- run -i 14
-> <stream xmlns="urn:debugger_protocol_v1" xmlns:xdebug="http://xdebug.org/dbgp/xdebug" type="stdout" encoding="base64"><![CDATA[WC1Qb3dlcmVkLUJ5OiBQSFAvNy4xLjEy]]></stream>

-> <stream xmlns="urn:debugger_protocol_v1" xmlns:xdebug="http://xdebug.org/dbgp/xdebug" type="stdout" encoding="base64"><![CDATA[DQo=]]></stream>

-> <stream xmlns="urn:debugger_protocol_v1" xmlns:xdebug="http://xdebug.org/dbgp/xdebug" type="stdout" encoding="base64"><![CDATA[Q29udGVudC10eXBlOiB0ZXh0L2h0bWw7IGNoYXJzZXQ9VVRGLTg=]]></stream>

-> <stream xmlns="urn:debugger_protocol_v1" xmlns:xdebug="http://xdebug.org/dbgp/xdebug" type="stdout" encoding="base64"><![CDATA[DQo=]]></stream>

-> <stream xmlns="urn:debugger_protocol_v1" xmlns:xdebug="http://xdebug.org/dbgp/xdebug" type="stdout" encoding="base64"><![CDATA[DQo=]]></stream>

-> <stream xmlns="urn:debugger_protocol_v1" xmlns:xdebug="http://xdebug.org/dbgp/xdebug" type="stdout" encoding="base64"><![CDATA[MzMzMzMzMzMzMzMzMzMzMzMzMw==]]></stream>

-> <response xmlns="urn:debugger_protocol_v1" xmlns:xdebug="http://xdebug.org/dbgp/xdebug" command="run" transaction_id="14" status="stopping" reason="ok"></response>

<- stop -i 15
-> <response xmlns="urn:debugger_protocol_v1" xmlns:xdebug="http://xdebug.org/dbgp/xdebug" command="stop" transaction_id="15" status="stopped" reason="ok"></response>

Log closed at 2018-04-15 16:48:27

Log opened at 2018-04-15 16:49:00
I: Connecting to configured address/port: 192.168.3.4:19000.
W: Creating socket for '192.168.3.4:19000', poll success, but error: Operation now in progress (29).
E: Could not connect to client. :-(
Log closed at 2018-04-15 16:49:00

Log opened at 2018-04-15 16:49:42
I: Connecting to configured address/port: 192.168.3.4:19000.
W: Creating socket for '192.168.3.4:19000', poll success, but error: Operation now in progress (29).
E: Could not connect to client. :-(
Log closed at 2018-04-15 16:49:42

